{"/home/bridgelabz/manoj/fundoo/server/server.js":{"path":"/home/bridgelabz/manoj/fundoo/server/server.js","s":{"1":1,"2":1,"3":1,"4":1,"5":1,"6":1,"7":1,"8":1,"9":1,"10":1,"11":1,"12":1,"13":1,"14":1,"15":1,"16":1,"17":1,"18":1,"19":1,"20":1,"21":0,"22":1,"23":0,"24":0,"25":1,"26":0,"27":0,"28":1,"29":0,"30":1},"b":{},"f":{},"fnMap":{},"statementMap":{"1":{"start":{"line":11,"column":0},"end":{"line":11,"column":35}},"2":{"start":{"line":12,"column":0},"end":{"line":12,"column":54}},"3":{"start":{"line":13,"column":0},"end":{"line":13,"column":37}},"4":{"start":{"line":14,"column":0},"end":{"line":14,"column":42}},"5":{"start":{"line":15,"column":0},"end":{"line":15,"column":50}},"6":{"start":{"line":16,"column":0},"end":{"line":16,"column":59}},"7":{"start":{"line":17,"column":0},"end":{"line":17,"column":27}},"8":{"start":{"line":18,"column":0},"end":{"line":18,"column":36}},"9":{"start":{"line":21,"column":0},"end":{"line":21,"column":28}},"10":{"start":{"line":22,"column":0},"end":{"line":22,"column":22}},"11":{"start":{"line":30,"column":0},"end":{"line":30,"column":27}},"12":{"start":{"line":31,"column":0},"end":{"line":33,"column":3}},"13":{"start":{"line":34,"column":0},"end":{"line":34,"column":36}},"14":{"start":{"line":35,"column":0},"end":{"line":35,"column":27}},"15":{"start":{"line":36,"column":0},"end":{"line":36,"column":31}},"16":{"start":{"line":37,"column":0},"end":{"line":37,"column":28}},"17":{"start":{"line":45,"column":0},"end":{"line":45,"column":20}},"18":{"start":{"line":46,"column":0},"end":{"line":46,"column":29}},"19":{"start":{"line":48,"column":0},"end":{"line":48,"column":101}},"20":{"start":{"line":50,"column":0},"end":{"line":52,"column":2}},"21":{"start":{"line":51,"column":4},"end":{"line":51,"column":50}},"22":{"start":{"line":53,"column":0},"end":{"line":56,"column":2}},"23":{"start":{"line":54,"column":4},"end":{"line":54,"column":41}},"24":{"start":{"line":55,"column":4},"end":{"line":55,"column":19}},"25":{"start":{"line":57,"column":0},"end":{"line":60,"column":2}},"26":{"start":{"line":58,"column":4},"end":{"line":58,"column":44}},"27":{"start":{"line":59,"column":4},"end":{"line":59,"column":19}},"28":{"start":{"line":62,"column":0},"end":{"line":64,"column":2}},"29":{"start":{"line":63,"column":4},"end":{"line":63,"column":51}},"30":{"start":{"line":67,"column":0},"end":{"line":67,"column":21}}},"branchMap":{}},"/home/bridgelabz/manoj/fundoo/server/router/router.js":{"path":"/home/bridgelabz/manoj/fundoo/server/router/router.js","s":{"1":1,"2":1,"3":1,"4":1,"5":1,"6":1,"7":1,"8":1,"9":1,"10":1},"b":{},"f":{},"fnMap":{},"statementMap":{"1":{"start":{"line":3,"column":0},"end":{"line":3,"column":41}},"2":{"start":{"line":4,"column":0},"end":{"line":4,"column":55}},"3":{"start":{"line":5,"column":0},"end":{"line":5,"column":40}},"4":{"start":{"line":6,"column":0},"end":{"line":6,"column":48}},"5":{"start":{"line":10,"column":0},"end":{"line":10,"column":51}},"6":{"start":{"line":11,"column":0},"end":{"line":11,"column":45}},"7":{"start":{"line":12,"column":0},"end":{"line":12,"column":63}},"8":{"start":{"line":13,"column":0},"end":{"line":13,"column":81}},"9":{"start":{"line":14,"column":0},"end":{"line":14,"column":75}},"10":{"start":{"line":16,"column":0},"end":{"line":16,"column":24}}},"branchMap":{}},"/home/bridgelabz/manoj/fundoo/server/controler/userController.js":{"path":"/home/bridgelabz/manoj/fundoo/server/controler/userController.js","s":{"1":1,"2":1,"3":1,"4":1,"5":1,"6":1,"7":1,"8":0,"9":0,"10":0,"11":0,"12":0,"13":0,"14":0,"15":0,"16":0,"17":0,"18":0,"19":0,"20":0,"21":0,"22":0,"23":0,"24":0,"25":0,"26":0,"27":0,"28":0,"29":0,"30":0,"31":0,"32":0,"33":0,"34":0,"35":1,"36":0,"37":0,"38":0,"39":0,"40":0,"41":0,"42":0,"43":0,"44":0,"45":0,"46":0,"47":0,"48":0,"49":0,"50":0,"51":0,"52":0,"53":0,"54":0,"55":0,"56":1,"57":0,"58":0,"59":0,"60":0,"61":0,"62":0,"63":0,"64":0,"65":0,"66":0,"67":0,"68":0,"69":0,"70":0,"71":0,"72":0,"73":0,"74":0,"75":0,"76":0,"77":0,"78":0,"79":0,"80":0,"81":0,"82":0,"83":0,"84":0,"85":0,"86":0,"87":0,"88":0,"89":0,"90":0,"91":1,"92":0,"93":0,"94":0,"95":0,"96":0,"97":0,"98":0,"99":0,"100":0,"101":0,"102":0,"103":0,"104":0,"105":0,"106":0,"107":0,"108":0,"109":0,"110":0,"111":0,"112":0,"113":0,"114":0,"115":0,"116":1,"117":0,"118":0,"119":0,"120":0,"121":0,"122":0,"123":0,"124":0,"125":0,"126":0,"127":0,"128":0,"129":0,"130":0},"b":{"1":[0,0],"2":[0,0],"3":[0,0],"4":[0,0],"5":[0,0],"6":[0,0],"7":[0,0],"8":[0,0],"9":[0,0],"10":[0,0],"11":[0,0],"12":[0,0],"13":[0,0],"14":[0,0]},"f":{},"fnMap":{},"statementMap":{"1":{"start":{"line":1,"column":0},"end":{"line":1,"column":50}},"2":{"start":{"line":2,"column":0},"end":{"line":2,"column":44}},"3":{"start":{"line":3,"column":0},"end":{"line":3,"column":31}},"4":{"start":{"line":4,"column":0},"end":{"line":4,"column":54}},"5":{"start":{"line":6,"column":0},"end":{"line":6,"column":46}},"6":{"start":{"line":7,"column":0},"end":{"line":7,"column":17}},"7":{"start":{"line":14,"column":0},"end":{"line":62,"column":1}},"8":{"start":{"line":15,"column":4},"end":{"line":60,"column":5}},"9":{"start":{"line":16,"column":8},"end":{"line":18,"column":10}},"10":{"start":{"line":19,"column":8},"end":{"line":19,"column":63}},"11":{"start":{"line":20,"column":8},"end":{"line":20,"column":57}},"12":{"start":{"line":21,"column":8},"end":{"line":21,"column":74}},"13":{"start":{"line":22,"column":8},"end":{"line":22,"column":44}},"14":{"start":{"line":24,"column":8},"end":{"line":56,"column":9}},"15":{"start":{"line":25,"column":12},"end":{"line":25,"column":36}},"16":{"start":{"line":26,"column":12},"end":{"line":26,"column":35}},"17":{"start":{"line":27,"column":12},"end":{"line":27,"column":42}},"18":{"start":{"line":30,"column":12},"end":{"line":55,"column":14}},"19":{"start":{"line":31,"column":16},"end":{"line":54,"column":17}},"20":{"start":{"line":32,"column":20},"end":{"line":32,"column":40}},"21":{"start":{"line":33,"column":20},"end":{"line":33,"column":58}},"22":{"start":{"line":34,"column":20},"end":{"line":34,"column":43}},"23":{"start":{"line":35,"column":20},"end":{"line":35,"column":51}},"24":{"start":{"line":39,"column":20},"end":{"line":53,"column":22}},"25":{"start":{"line":40,"column":24},"end":{"line":52,"column":25}},"26":{"start":{"line":41,"column":28},"end":{"line":41,"column":48}},"27":{"start":{"line":42,"column":28},"end":{"line":42,"column":49}},"28":{"start":{"line":43,"column":28},"end":{"line":43,"column":51}},"29":{"start":{"line":44,"column":28},"end":{"line":44,"column":59}},"30":{"start":{"line":48,"column":28},"end":{"line":48,"column":48}},"31":{"start":{"line":49,"column":28},"end":{"line":49,"column":50}},"32":{"start":{"line":50,"column":28},"end":{"line":50,"column":50}},"33":{"start":{"line":51,"column":28},"end":{"line":51,"column":59}},"34":{"start":{"line":59,"column":8},"end":{"line":59,"column":23}},"35":{"start":{"line":69,"column":0},"end":{"line":101,"column":1}},"36":{"start":{"line":70,"column":4},"end":{"line":99,"column":5}},"37":{"start":{"line":71,"column":8},"end":{"line":71,"column":57}},"38":{"start":{"line":72,"column":8},"end":{"line":72,"column":74}},"39":{"start":{"line":73,"column":8},"end":{"line":73,"column":44}},"40":{"start":{"line":74,"column":8},"end":{"line":96,"column":9}},"41":{"start":{"line":75,"column":12},"end":{"line":75,"column":32}},"42":{"start":{"line":76,"column":12},"end":{"line":76,"column":36}},"43":{"start":{"line":77,"column":12},"end":{"line":77,"column":35}},"44":{"start":{"line":78,"column":12},"end":{"line":78,"column":43}},"45":{"start":{"line":81,"column":12},"end":{"line":95,"column":14}},"46":{"start":{"line":82,"column":16},"end":{"line":94,"column":17}},"47":{"start":{"line":83,"column":20},"end":{"line":83,"column":40}},"48":{"start":{"line":84,"column":20},"end":{"line":84,"column":41}},"49":{"start":{"line":85,"column":20},"end":{"line":85,"column":43}},"50":{"start":{"line":86,"column":20},"end":{"line":86,"column":51}},"51":{"start":{"line":89,"column":20},"end":{"line":89,"column":42}},"52":{"start":{"line":90,"column":20},"end":{"line":90,"column":40}},"53":{"start":{"line":91,"column":20},"end":{"line":91,"column":42}},"54":{"start":{"line":93,"column":20},"end":{"line":93,"column":51}},"55":{"start":{"line":98,"column":8},"end":{"line":98,"column":23}},"56":{"start":{"line":109,"column":0},"end":{"line":173,"column":1}},"57":{"start":{"line":110,"column":4},"end":{"line":172,"column":5}},"58":{"start":{"line":111,"column":8},"end":{"line":111,"column":57}},"59":{"start":{"line":112,"column":8},"end":{"line":112,"column":44}},"60":{"start":{"line":113,"column":8},"end":{"line":167,"column":9}},"61":{"start":{"line":114,"column":12},"end":{"line":114,"column":32}},"62":{"start":{"line":115,"column":12},"end":{"line":115,"column":36}},"63":{"start":{"line":116,"column":12},"end":{"line":116,"column":35}},"64":{"start":{"line":117,"column":12},"end":{"line":117,"column":43}},"65":{"start":{"line":120,"column":12},"end":{"line":166,"column":14}},"66":{"start":{"line":121,"column":16},"end":{"line":164,"column":17}},"67":{"start":{"line":122,"column":20},"end":{"line":122,"column":40}},"68":{"start":{"line":123,"column":20},"end":{"line":123,"column":41}},"69":{"start":{"line":124,"column":20},"end":{"line":124,"column":43}},"70":{"start":{"line":125,"column":20},"end":{"line":125,"column":51}},"71":{"start":{"line":129,"column":20},"end":{"line":163,"column":22}},"72":{"start":{"line":130,"column":24},"end":{"line":162,"column":25}},"73":{"start":{"line":132,"column":28},"end":{"line":132,"column":48}},"74":{"start":{"line":133,"column":28},"end":{"line":133,"column":49}},"75":{"start":{"line":134,"column":28},"end":{"line":134,"column":51}},"76":{"start":{"line":135,"column":28},"end":{"line":135,"column":59}},"77":{"start":{"line":138,"column":28},"end":{"line":160,"column":30}},"78":{"start":{"line":139,"column":32},"end":{"line":159,"column":33}},"79":{"start":{"line":141,"column":36},"end":{"line":141,"column":56}},"80":{"start":{"line":142,"column":36},"end":{"line":142,"column":57}},"81":{"start":{"line":143,"column":36},"end":{"line":143,"column":59}},"82":{"start":{"line":144,"column":36},"end":{"line":144,"column":67}},"83":{"start":{"line":146,"column":36},"end":{"line":146,"column":56}},"84":{"start":{"line":147,"column":36},"end":{"line":147,"column":58}},"85":{"start":{"line":148,"column":36},"end":{"line":148,"column":58}},"86":{"start":{"line":149,"column":36},"end":{"line":157,"column":38}},"87":{"start":{"line":150,"column":40},"end":{"line":156,"column":41}},"88":{"start":{"line":151,"column":44},"end":{"line":151,"column":87}},"89":{"start":{"line":154,"column":44},"end":{"line":154,"column":75}},"90":{"start":{"line":171,"column":8},"end":{"line":171,"column":22}},"91":{"start":{"line":180,"column":0},"end":{"line":221,"column":1}},"92":{"start":{"line":181,"column":4},"end":{"line":220,"column":5}},"93":{"start":{"line":183,"column":8},"end":{"line":183,"column":79}},"94":{"start":{"line":184,"column":8},"end":{"line":184,"column":93}},"95":{"start":{"line":185,"column":8},"end":{"line":185,"column":44}},"96":{"start":{"line":186,"column":8},"end":{"line":217,"column":9}},"97":{"start":{"line":188,"column":12},"end":{"line":188,"column":32}},"98":{"start":{"line":189,"column":12},"end":{"line":189,"column":36}},"99":{"start":{"line":190,"column":12},"end":{"line":190,"column":35}},"100":{"start":{"line":191,"column":12},"end":{"line":191,"column":43}},"101":{"start":{"line":194,"column":12},"end":{"line":216,"column":13}},"102":{"start":{"line":196,"column":16},"end":{"line":209,"column":18}},"103":{"start":{"line":197,"column":20},"end":{"line":208,"column":21}},"104":{"start":{"line":198,"column":24},"end":{"line":198,"column":44}},"105":{"start":{"line":199,"column":24},"end":{"line":199,"column":45}},"106":{"start":{"line":200,"column":24},"end":{"line":200,"column":47}},"107":{"start":{"line":201,"column":24},"end":{"line":201,"column":55}},"108":{"start":{"line":204,"column":24},"end":{"line":204,"column":44}},"109":{"start":{"line":205,"column":24},"end":{"line":205,"column":46}},"110":{"start":{"line":206,"column":24},"end":{"line":206,"column":46}},"111":{"start":{"line":212,"column":16},"end":{"line":212,"column":36}},"112":{"start":{"line":213,"column":16},"end":{"line":213,"column":55}},"113":{"start":{"line":214,"column":16},"end":{"line":214,"column":39}},"114":{"start":{"line":215,"column":16},"end":{"line":215,"column":47}},"115":{"start":{"line":219,"column":8},"end":{"line":219,"column":22}},"116":{"start":{"line":228,"column":0},"end":{"line":249,"column":1}},"117":{"start":{"line":229,"column":4},"end":{"line":248,"column":5}},"118":{"start":{"line":230,"column":8},"end":{"line":230,"column":36}},"119":{"start":{"line":231,"column":8},"end":{"line":245,"column":10}},"120":{"start":{"line":232,"column":12},"end":{"line":244,"column":13}},"121":{"start":{"line":233,"column":16},"end":{"line":233,"column":36}},"122":{"start":{"line":234,"column":16},"end":{"line":234,"column":37}},"123":{"start":{"line":235,"column":16},"end":{"line":235,"column":39}},"124":{"start":{"line":236,"column":16},"end":{"line":236,"column":47}},"125":{"start":{"line":239,"column":16},"end":{"line":239,"column":19}},"126":{"start":{"line":240,"column":16},"end":{"line":240,"column":36}},"127":{"start":{"line":241,"column":16},"end":{"line":241,"column":38}},"128":{"start":{"line":242,"column":16},"end":{"line":242,"column":38}},"129":{"start":{"line":243,"column":16},"end":{"line":243,"column":47}},"130":{"start":{"line":247,"column":8},"end":{"line":247,"column":22}}},"branchMap":{"1":{"line":24,"type":"if","locations":[{"start":{"line":24,"column":8},"end":{"line":24,"column":8}},{"start":{"line":24,"column":8},"end":{"line":24,"column":8}}]},"2":{"line":31,"type":"if","locations":[{"start":{"line":31,"column":16},"end":{"line":31,"column":16}},{"start":{"line":31,"column":16},"end":{"line":31,"column":16}}]},"3":{"line":40,"type":"if","locations":[{"start":{"line":40,"column":24},"end":{"line":40,"column":24}},{"start":{"line":40,"column":24},"end":{"line":40,"column":24}}]},"4":{"line":74,"type":"if","locations":[{"start":{"line":74,"column":8},"end":{"line":74,"column":8}},{"start":{"line":74,"column":8},"end":{"line":74,"column":8}}]},"5":{"line":82,"type":"if","locations":[{"start":{"line":82,"column":16},"end":{"line":82,"column":16}},{"start":{"line":82,"column":16},"end":{"line":82,"column":16}}]},"6":{"line":113,"type":"if","locations":[{"start":{"line":113,"column":8},"end":{"line":113,"column":8}},{"start":{"line":113,"column":8},"end":{"line":113,"column":8}}]},"7":{"line":121,"type":"if","locations":[{"start":{"line":121,"column":16},"end":{"line":121,"column":16}},{"start":{"line":121,"column":16},"end":{"line":121,"column":16}}]},"8":{"line":130,"type":"if","locations":[{"start":{"line":130,"column":24},"end":{"line":130,"column":24}},{"start":{"line":130,"column":24},"end":{"line":130,"column":24}}]},"9":{"line":139,"type":"if","locations":[{"start":{"line":139,"column":32},"end":{"line":139,"column":32}},{"start":{"line":139,"column":32},"end":{"line":139,"column":32}}]},"10":{"line":150,"type":"if","locations":[{"start":{"line":150,"column":40},"end":{"line":150,"column":40}},{"start":{"line":150,"column":40},"end":{"line":150,"column":40}}]},"11":{"line":186,"type":"if","locations":[{"start":{"line":186,"column":8},"end":{"line":186,"column":8}},{"start":{"line":186,"column":8},"end":{"line":186,"column":8}}]},"12":{"line":194,"type":"if","locations":[{"start":{"line":194,"column":12},"end":{"line":194,"column":12}},{"start":{"line":194,"column":12},"end":{"line":194,"column":12}}]},"13":{"line":197,"type":"if","locations":[{"start":{"line":197,"column":20},"end":{"line":197,"column":20}},{"start":{"line":197,"column":20},"end":{"line":197,"column":20}}]},"14":{"line":232,"type":"if","locations":[{"start":{"line":232,"column":12},"end":{"line":232,"column":12}},{"start":{"line":232,"column":12},"end":{"line":232,"column":12}}]}}},"/home/bridgelabz/manoj/fundoo/server/services/userServices.js":{"path":"/home/bridgelabz/manoj/fundoo/server/services/userServices.js","s":{"1":1,"2":1,"3":1,"4":0,"5":0,"6":0,"7":0,"8":0,"9":0,"10":1,"11":0,"12":0,"13":0,"14":0,"15":0,"16":0,"17":1,"18":0,"19":0,"20":0,"21":0,"22":0,"23":0,"24":0,"25":1,"26":0,"27":0,"28":0,"29":0,"30":0,"31":0,"32":1,"33":0,"34":0,"35":0,"36":0,"37":0,"38":0},"b":{"1":[0,0],"2":[0,0],"3":[0,0],"4":[0,0],"5":[0,0]},"f":{},"fnMap":{},"statementMap":{"1":{"start":{"line":1,"column":0},"end":{"line":1,"column":48}},"2":{"start":{"line":2,"column":0},"end":{"line":2,"column":47}},"3":{"start":{"line":9,"column":0},"end":{"line":24,"column":1}},"4":{"start":{"line":10,"column":4},"end":{"line":23,"column":5}},"5":{"start":{"line":11,"column":8},"end":{"line":19,"column":10}},"6":{"start":{"line":12,"column":12},"end":{"line":17,"column":13}},"7":{"start":{"line":13,"column":16},"end":{"line":13,"column":30}},"8":{"start":{"line":16,"column":16},"end":{"line":16,"column":37}},"9":{"start":{"line":22,"column":8},"end":{"line":22,"column":23}},"10":{"start":{"line":33,"column":0},"end":{"line":46,"column":1}},"11":{"start":{"line":34,"column":4},"end":{"line":45,"column":5}},"12":{"start":{"line":35,"column":8},"end":{"line":42,"column":10}},"13":{"start":{"line":36,"column":12},"end":{"line":41,"column":13}},"14":{"start":{"line":37,"column":16},"end":{"line":37,"column":29}},"15":{"start":{"line":40,"column":16},"end":{"line":40,"column":36}},"16":{"start":{"line":44,"column":8},"end":{"line":44,"column":22}},"17":{"start":{"line":55,"column":0},"end":{"line":71,"column":1}},"18":{"start":{"line":56,"column":4},"end":{"line":70,"column":5}},"19":{"start":{"line":58,"column":8},"end":{"line":66,"column":10}},"20":{"start":{"line":59,"column":12},"end":{"line":65,"column":13}},"21":{"start":{"line":60,"column":16},"end":{"line":60,"column":32}},"22":{"start":{"line":61,"column":16},"end":{"line":61,"column":29}},"23":{"start":{"line":64,"column":16},"end":{"line":64,"column":36}},"24":{"start":{"line":69,"column":8},"end":{"line":69,"column":22}},"25":{"start":{"line":82,"column":0},"end":{"line":95,"column":1}},"26":{"start":{"line":83,"column":4},"end":{"line":94,"column":5}},"27":{"start":{"line":84,"column":8},"end":{"line":91,"column":10}},"28":{"start":{"line":85,"column":12},"end":{"line":90,"column":13}},"29":{"start":{"line":86,"column":16},"end":{"line":86,"column":30}},"30":{"start":{"line":89,"column":16},"end":{"line":89,"column":36}},"31":{"start":{"line":93,"column":8},"end":{"line":93,"column":22}},"32":{"start":{"line":102,"column":0},"end":{"line":116,"column":1}},"33":{"start":{"line":103,"column":4},"end":{"line":115,"column":5}},"34":{"start":{"line":104,"column":8},"end":{"line":112,"column":10}},"35":{"start":{"line":106,"column":12},"end":{"line":111,"column":13}},"36":{"start":{"line":107,"column":16},"end":{"line":107,"column":30}},"37":{"start":{"line":110,"column":16},"end":{"line":110,"column":36}},"38":{"start":{"line":114,"column":8},"end":{"line":114,"column":22}}},"branchMap":{"1":{"line":12,"type":"if","locations":[{"start":{"line":12,"column":12},"end":{"line":12,"column":12}},{"start":{"line":12,"column":12},"end":{"line":12,"column":12}}]},"2":{"line":36,"type":"if","locations":[{"start":{"line":36,"column":12},"end":{"line":36,"column":12}},{"start":{"line":36,"column":12},"end":{"line":36,"column":12}}]},"3":{"line":59,"type":"if","locations":[{"start":{"line":59,"column":12},"end":{"line":59,"column":12}},{"start":{"line":59,"column":12},"end":{"line":59,"column":12}}]},"4":{"line":85,"type":"if","locations":[{"start":{"line":85,"column":12},"end":{"line":85,"column":12}},{"start":{"line":85,"column":12},"end":{"line":85,"column":12}}]},"5":{"line":106,"type":"if","locations":[{"start":{"line":106,"column":12},"end":{"line":106,"column":12}},{"start":{"line":106,"column":12},"end":{"line":106,"column":12}}]}}},"/home/bridgelabz/manoj/fundoo/server/app/modules/userModule.js":{"path":"/home/bridgelabz/manoj/fundoo/server/app/modules/userModule.js","s":{"1":1,"2":1,"3":1,"4":1,"5":1,"6":1,"7":1,"8":0,"9":0,"10":0,"11":0,"12":0,"13":0,"14":0,"15":0,"16":0,"17":1,"18":0,"19":0,"20":0,"21":0,"22":0,"23":0,"24":0,"25":0,"26":0,"27":1,"28":0,"29":0,"30":0,"31":0,"32":0,"33":0,"34":0,"35":1,"36":0,"37":0,"38":0,"39":0,"40":0,"41":0,"42":0,"43":1,"44":0,"45":0,"46":0,"47":0,"48":0,"49":0,"50":0,"51":1,"52":0,"53":0,"54":0,"55":0,"56":0,"57":0,"58":0,"59":0},"b":{"1":[0,0],"2":[0,0],"3":[0,0],"4":[0,0],"5":[0,0],"6":[0,0],"7":[0,0],"8":[0,0],"9":[0,0],"10":[0,0]},"f":{},"fnMap":{},"statementMap":{"1":{"start":{"line":1,"column":0},"end":{"line":1,"column":35}},"2":{"start":{"line":2,"column":0},"end":{"line":2,"column":31}},"3":{"start":{"line":5,"column":0},"end":{"line":32,"column":6}},"4":{"start":{"line":34,"column":0},"end":{"line":34,"column":72}},"5":{"start":{"line":35,"column":0},"end":{"line":50,"column":6}},"6":{"start":{"line":51,"column":0},"end":{"line":51,"column":59}},"7":{"start":{"line":58,"column":0},"end":{"line":88,"column":1}},"8":{"start":{"line":59,"column":4},"end":{"line":87,"column":6}},"9":{"start":{"line":63,"column":8},"end":{"line":86,"column":9}},"10":{"start":{"line":65,"column":12},"end":{"line":81,"column":14}},"11":{"start":{"line":66,"column":16},"end":{"line":71,"column":18}},"12":{"start":{"line":72,"column":16},"end":{"line":79,"column":19}},"13":{"start":{"line":73,"column":20},"end":{"line":78,"column":21}},"14":{"start":{"line":74,"column":24},"end":{"line":74,"column":38}},"15":{"start":{"line":77,"column":24},"end":{"line":77,"column":45}},"16":{"start":{"line":85,"column":12},"end":{"line":85,"column":34}},"17":{"start":{"line":96,"column":0},"end":{"line":124,"column":1}},"18":{"start":{"line":97,"column":4},"end":{"line":123,"column":5}},"19":{"start":{"line":98,"column":8},"end":{"line":119,"column":10}},"20":{"start":{"line":102,"column":12},"end":{"line":118,"column":13}},"21":{"start":{"line":104,"column":16},"end":{"line":113,"column":18}},"22":{"start":{"line":106,"column":20},"end":{"line":111,"column":21}},"23":{"start":{"line":107,"column":24},"end":{"line":107,"column":54}},"24":{"start":{"line":110,"column":24},"end":{"line":110,"column":44}},"25":{"start":{"line":117,"column":16},"end":{"line":117,"column":61}},"26":{"start":{"line":122,"column":8},"end":{"line":122,"column":22}},"27":{"start":{"line":131,"column":0},"end":{"line":148,"column":1}},"28":{"start":{"line":132,"column":4},"end":{"line":147,"column":5}},"29":{"start":{"line":134,"column":8},"end":{"line":144,"column":10}},"30":{"start":{"line":137,"column":12},"end":{"line":143,"column":13}},"31":{"start":{"line":138,"column":16},"end":{"line":138,"column":37}},"32":{"start":{"line":141,"column":16},"end":{"line":141,"column":40}},"33":{"start":{"line":142,"column":16},"end":{"line":142,"column":42}},"34":{"start":{"line":146,"column":8},"end":{"line":146,"column":22}},"35":{"start":{"line":155,"column":0},"end":{"line":180,"column":1}},"36":{"start":{"line":157,"column":4},"end":{"line":176,"column":6}},"37":{"start":{"line":158,"column":8},"end":{"line":175,"column":9}},"38":{"start":{"line":160,"column":12},"end":{"line":160,"column":25}},"39":{"start":{"line":162,"column":12},"end":{"line":174,"column":18}},"40":{"start":{"line":167,"column":20},"end":{"line":173,"column":21}},"41":{"start":{"line":169,"column":24},"end":{"line":169,"column":37}},"42":{"start":{"line":172,"column":24},"end":{"line":172,"column":44}},"43":{"start":{"line":214,"column":0},"end":{"line":229,"column":1}},"44":{"start":{"line":215,"column":4},"end":{"line":228,"column":5}},"45":{"start":{"line":217,"column":8},"end":{"line":224,"column":10}},"46":{"start":{"line":218,"column":12},"end":{"line":223,"column":14}},"47":{"start":{"line":221,"column":16},"end":{"line":222,"column":34}},"48":{"start":{"line":221,"column":44},"end":{"line":221,"column":68}},"49":{"start":{"line":222,"column":21},"end":{"line":222,"column":34}},"50":{"start":{"line":227,"column":8},"end":{"line":227,"column":22}},"51":{"start":{"line":236,"column":0},"end":{"line":249,"column":1}},"52":{"start":{"line":237,"column":4},"end":{"line":248,"column":5}},"53":{"start":{"line":238,"column":8},"end":{"line":244,"column":10}},"54":{"start":{"line":239,"column":12},"end":{"line":239,"column":54}},"55":{"start":{"line":240,"column":12},"end":{"line":243,"column":14}},"56":{"start":{"line":241,"column":16},"end":{"line":242,"column":32}},"57":{"start":{"line":241,"column":26},"end":{"line":241,"column":39}},"58":{"start":{"line":242,"column":21},"end":{"line":242,"column":32}},"59":{"start":{"line":247,"column":8},"end":{"line":247,"column":22}}},"branchMap":{"1":{"line":63,"type":"if","locations":[{"start":{"line":63,"column":8},"end":{"line":63,"column":8}},{"start":{"line":63,"column":8},"end":{"line":63,"column":8}}]},"2":{"line":73,"type":"if","locations":[{"start":{"line":73,"column":20},"end":{"line":73,"column":20}},{"start":{"line":73,"column":20},"end":{"line":73,"column":20}}]},"3":{"line":102,"type":"if","locations":[{"start":{"line":102,"column":12},"end":{"line":102,"column":12}},{"start":{"line":102,"column":12},"end":{"line":102,"column":12}}]},"4":{"line":106,"type":"if","locations":[{"start":{"line":106,"column":20},"end":{"line":106,"column":20}},{"start":{"line":106,"column":20},"end":{"line":106,"column":20}}]},"5":{"line":137,"type":"if","locations":[{"start":{"line":137,"column":12},"end":{"line":137,"column":12}},{"start":{"line":137,"column":12},"end":{"line":137,"column":12}}]},"6":{"line":158,"type":"if","locations":[{"start":{"line":158,"column":8},"end":{"line":158,"column":8}},{"start":{"line":158,"column":8},"end":{"line":158,"column":8}}]},"7":{"line":167,"type":"if","locations":[{"start":{"line":167,"column":20},"end":{"line":167,"column":20}},{"start":{"line":167,"column":20},"end":{"line":167,"column":20}}]},"8":{"line":221,"type":"if","locations":[{"start":{"line":221,"column":16},"end":{"line":221,"column":16}},{"start":{"line":221,"column":16},"end":{"line":221,"column":16}}]},"9":{"line":221,"type":"binary-expr","locations":[{"start":{"line":221,"column":20},"end":{"line":221,"column":23}},{"start":{"line":221,"column":27},"end":{"line":221,"column":42}}]},"10":{"line":241,"type":"if","locations":[{"start":{"line":241,"column":16},"end":{"line":241,"column":16}},{"start":{"line":241,"column":16},"end":{"line":241,"column":16}}]}}},"/home/bridgelabz/manoj/fundoo/server/middleware/medialFile.js":{"path":"/home/bridgelabz/manoj/fundoo/server/middleware/medialFile.js","s":{"1":1,"2":1,"3":1,"4":1,"5":1,"6":1,"7":0,"8":0,"9":0,"10":1,"11":0,"12":0,"13":1},"b":{"1":[0,0],"2":[0,0]},"f":{"1":0,"2":0},"fnMap":{"1":{"name":"(anonymous_1)","line":28,"loc":{"start":{"line":28,"column":18},"end":{"line":28,"column":43}}},"2":{"name":"(anonymous_2)","line":31,"loc":{"start":{"line":31,"column":13},"end":{"line":31,"column":38}}}},"statementMap":{"1":{"start":{"line":1,"column":0},"end":{"line":1,"column":30}},"2":{"start":{"line":2,"column":0},"end":{"line":2,"column":33}},"3":{"start":{"line":3,"column":0},"end":{"line":3,"column":37}},"4":{"start":{"line":4,"column":0},"end":{"line":4,"column":27}},"5":{"start":{"line":6,"column":0},"end":{"line":10,"column":3}},"6":{"start":{"line":12,"column":0},"end":{"line":19,"column":1}},"7":{"start":{"line":14,"column":4},"end":{"line":18,"column":5}},"8":{"start":{"line":15,"column":8},"end":{"line":15,"column":22}},"9":{"start":{"line":17,"column":8},"end":{"line":17,"column":50}},"10":{"start":{"line":22,"column":0},"end":{"line":36,"column":2}},"11":{"start":{"line":29,"column":12},"end":{"line":29,"column":57}},"12":{"start":{"line":33,"column":12},"end":{"line":33,"column":39}},"13":{"start":{"line":37,"column":0},"end":{"line":37,"column":24}}},"branchMap":{"1":{"line":14,"type":"if","locations":[{"start":{"line":14,"column":4},"end":{"line":14,"column":4}},{"start":{"line":14,"column":4},"end":{"line":14,"column":4}}]},"2":{"line":14,"type":"binary-expr","locations":[{"start":{"line":14,"column":8},"end":{"line":14,"column":38}},{"start":{"line":14,"column":42},"end":{"line":14,"column":71}}]}}},"/home/bridgelabz/manoj/fundoo/server/token.js":{"path":"/home/bridgelabz/manoj/fundoo/server/token.js","s":{"1":1,"2":1,"3":0,"4":0,"5":0,"6":0,"7":0,"8":0,"9":0,"10":1,"11":0,"12":0,"13":0,"14":0,"15":0,"16":0},"b":{"1":[0,0],"2":[0,0]},"f":{},"fnMap":{},"statementMap":{"1":{"start":{"line":1,"column":0},"end":{"line":1,"column":40}},"2":{"start":{"line":2,"column":0},"end":{"line":19,"column":1}},"3":{"start":{"line":3,"column":4},"end":{"line":18,"column":5}},"4":{"start":{"line":4,"column":8},"end":{"line":6,"column":9}},"5":{"start":{"line":7,"column":8},"end":{"line":14,"column":10}},"6":{"start":{"line":8,"column":12},"end":{"line":12,"column":13}},"7":{"start":{"line":9,"column":16},"end":{"line":9,"column":30}},"8":{"start":{"line":11,"column":16},"end":{"line":11,"column":38}},"9":{"start":{"line":17,"column":8},"end":{"line":17,"column":22}},"10":{"start":{"line":20,"column":0},"end":{"line":35,"column":1}},"11":{"start":{"line":21,"column":4},"end":{"line":34,"column":5}},"12":{"start":{"line":22,"column":8},"end":{"line":30,"column":10}},"13":{"start":{"line":24,"column":12},"end":{"line":29,"column":13}},"14":{"start":{"line":25,"column":16},"end":{"line":25,"column":39}},"15":{"start":{"line":28,"column":16},"end":{"line":28,"column":49}},"16":{"start":{"line":33,"column":8},"end":{"line":33,"column":22}}},"branchMap":{"1":{"line":8,"type":"if","locations":[{"start":{"line":8,"column":12},"end":{"line":8,"column":12}},{"start":{"line":8,"column":12},"end":{"line":8,"column":12}}]},"2":{"line":24,"type":"if","locations":[{"start":{"line":24,"column":12},"end":{"line":24,"column":12}},{"start":{"line":24,"column":12},"end":{"line":24,"column":12}}]}}},"/home/bridgelabz/manoj/fundoo/server/middleware/redisService.js":{"path":"/home/bridgelabz/manoj/fundoo/server/middleware/redisService.js","s":{"1":1,"2":1,"3":1,"4":0,"5":1,"6":1,"7":0,"8":0,"9":0,"10":0,"11":0,"12":1,"13":0,"14":0,"15":0,"16":0,"17":0},"b":{"1":[0,0],"2":[0,0]},"f":{},"fnMap":{},"statementMap":{"1":{"start":{"line":1,"column":0},"end":{"line":1,"column":28}},"2":{"start":{"line":2,"column":0},"end":{"line":2,"column":33}},"3":{"start":{"line":3,"column":0},"end":{"line":5,"column":2}},"4":{"start":{"line":4,"column":4},"end":{"line":4,"column":29}},"5":{"start":{"line":6,"column":0},"end":{"line":6,"column":10}},"6":{"start":{"line":8,"column":0},"end":{"line":22,"column":1}},"7":{"start":{"line":9,"column":4},"end":{"line":9,"column":28}},"8":{"start":{"line":11,"column":4},"end":{"line":20,"column":6}},"9":{"start":{"line":12,"column":8},"end":{"line":19,"column":9}},"10":{"start":{"line":14,"column":12},"end":{"line":14,"column":38}},"11":{"start":{"line":18,"column":12},"end":{"line":18,"column":19}},"12":{"start":{"line":23,"column":0},"end":{"line":34,"column":1}},"13":{"start":{"line":25,"column":4},"end":{"line":33,"column":6}},"14":{"start":{"line":26,"column":8},"end":{"line":26,"column":41}},"15":{"start":{"line":27,"column":8},"end":{"line":31,"column":33}},"16":{"start":{"line":28,"column":12},"end":{"line":28,"column":25}},"17":{"start":{"line":31,"column":12},"end":{"line":31,"column":33}}},"branchMap":{"1":{"line":12,"type":"if","locations":[{"start":{"line":12,"column":8},"end":{"line":12,"column":8}},{"start":{"line":12,"column":8},"end":{"line":12,"column":8}}]},"2":{"line":27,"type":"if","locations":[{"start":{"line":27,"column":8},"end":{"line":27,"column":8}},{"start":{"line":27,"column":8},"end":{"line":27,"column":8}}]}}},"/home/bridgelabz/manoj/fundoo/server/middleware/userMailer.js":{"path":"/home/bridgelabz/manoj/fundoo/server/middleware/userMailer.js","s":{"1":1,"2":1,"3":0,"4":0,"5":0,"6":0,"7":0,"8":0},"b":{"1":[0,0]},"f":{},"fnMap":{},"statementMap":{"1":{"start":{"line":1,"column":0},"end":{"line":1,"column":34}},"2":{"start":{"line":3,"column":0},"end":{"line":25,"column":1}},"3":{"start":{"line":4,"column":4},"end":{"line":10,"column":7}},"4":{"start":{"line":11,"column":4},"end":{"line":16,"column":5}},"5":{"start":{"line":17,"column":4},"end":{"line":24,"column":6}},"6":{"start":{"line":18,"column":8},"end":{"line":23,"column":9}},"7":{"start":{"line":19,"column":12},"end":{"line":19,"column":25}},"8":{"start":{"line":22,"column":12},"end":{"line":22,"column":32}}},"branchMap":{"1":{"line":18,"type":"if","locations":[{"start":{"line":18,"column":8},"end":{"line":18,"column":8}},{"start":{"line":18,"column":8},"end":{"line":18,"column":8}}]}}},"/home/bridgelabz/manoj/fundoo/server/middleware/auth.js":{"path":"/home/bridgelabz/manoj/fundoo/server/middleware/auth.js","s":{"1":1,"2":1,"3":1,"4":0,"5":0,"6":0,"7":0,"8":0,"9":0,"10":0,"11":0,"12":0},"b":{"1":[0,0]},"f":{},"fnMap":{},"statementMap":{"1":{"start":{"line":1,"column":0},"end":{"line":1,"column":34}},"2":{"start":{"line":2,"column":0},"end":{"line":2,"column":17}},"3":{"start":{"line":10,"column":0},"end":{"line":24,"column":1}},"4":{"start":{"line":11,"column":4},"end":{"line":11,"column":27}},"5":{"start":{"line":12,"column":4},"end":{"line":23,"column":6}},"6":{"start":{"line":13,"column":8},"end":{"line":22,"column":9}},"7":{"start":{"line":14,"column":12},"end":{"line":14,"column":32}},"8":{"start":{"line":15,"column":12},"end":{"line":15,"column":33}},"9":{"start":{"line":16,"column":12},"end":{"line":16,"column":35}},"10":{"start":{"line":17,"column":12},"end":{"line":17,"column":42}},"11":{"start":{"line":20,"column":12},"end":{"line":20,"column":32}},"12":{"start":{"line":21,"column":12},"end":{"line":21,"column":18}}},"branchMap":{"1":{"line":13,"type":"if","locations":[{"start":{"line":13,"column":8},"end":{"line":13,"column":8}},{"start":{"line":13,"column":8},"end":{"line":13,"column":8}}]}}},"/home/bridgelabz/manoj/fundoo/server/router/notesRouter.js":{"path":"/home/bridgelabz/manoj/fundoo/server/router/notesRouter.js","s":{"1":1,"2":1,"3":1,"4":1,"5":1,"6":1},"b":{},"f":{},"fnMap":{},"statementMap":{"1":{"start":{"line":1,"column":0},"end":{"line":1,"column":43}},"2":{"start":{"line":2,"column":0},"end":{"line":2,"column":61}},"3":{"start":{"line":3,"column":0},"end":{"line":3,"column":57}},"4":{"start":{"line":4,"column":0},"end":{"line":4,"column":49}},"5":{"start":{"line":5,"column":0},"end":{"line":5,"column":57}},"6":{"start":{"line":6,"column":0},"end":{"line":6,"column":23}}},"branchMap":{}},"/home/bridgelabz/manoj/fundoo/server/controler/notescontroller.js":{"path":"/home/bridgelabz/manoj/fundoo/server/controler/notescontroller.js","s":{"1":1,"2":1,"3":1,"4":0,"5":0,"6":0,"7":0,"8":0,"9":0,"10":0,"11":0,"12":0,"13":0,"14":0,"15":0,"16":1,"17":0,"18":0,"19":0,"20":0,"21":0,"22":0,"23":0,"24":0,"25":0,"26":0,"27":1,"28":0,"29":0,"30":0,"31":0,"32":0,"33":0,"34":0,"35":0,"36":0,"37":0},"b":{"1":[0,0],"2":[0,0],"3":[0,0]},"f":{},"fnMap":{},"statementMap":{"1":{"start":{"line":1,"column":0},"end":{"line":1,"column":53}},"2":{"start":{"line":2,"column":0},"end":{"line":2,"column":17}},"3":{"start":{"line":3,"column":0},"end":{"line":29,"column":1}},"4":{"start":{"line":4,"column":4},"end":{"line":4,"column":25}},"5":{"start":{"line":5,"column":4},"end":{"line":5,"column":56}},"6":{"start":{"line":6,"column":4},"end":{"line":6,"column":53}},"7":{"start":{"line":7,"column":4},"end":{"line":7,"column":39}},"8":{"start":{"line":8,"column":4},"end":{"line":28,"column":5}},"9":{"start":{"line":9,"column":8},"end":{"line":11,"column":36}},"10":{"start":{"line":12,"column":8},"end":{"line":12,"column":38}},"11":{"start":{"line":15,"column":8},"end":{"line":27,"column":14}},"12":{"start":{"line":17,"column":16},"end":{"line":19,"column":42}},"13":{"start":{"line":20,"column":16},"end":{"line":20,"column":46}},"14":{"start":{"line":23,"column":16},"end":{"line":25,"column":41}},"15":{"start":{"line":26,"column":16},"end":{"line":26,"column":46}},"16":{"start":{"line":31,"column":0},"end":{"line":55,"column":1}},"17":{"start":{"line":32,"column":4},"end":{"line":32,"column":51}},"18":{"start":{"line":33,"column":4},"end":{"line":33,"column":39}},"19":{"start":{"line":34,"column":4},"end":{"line":54,"column":5}},"20":{"start":{"line":35,"column":8},"end":{"line":37,"column":36}},"21":{"start":{"line":38,"column":8},"end":{"line":38,"column":40}},"22":{"start":{"line":40,"column":8},"end":{"line":53,"column":14}},"23":{"start":{"line":43,"column":16},"end":{"line":45,"column":42}},"24":{"start":{"line":46,"column":16},"end":{"line":46,"column":46}},"25":{"start":{"line":49,"column":16},"end":{"line":51,"column":41}},"26":{"start":{"line":52,"column":16},"end":{"line":52,"column":46}},"27":{"start":{"line":58,"column":0},"end":{"line":81,"column":1}},"28":{"start":{"line":59,"column":4},"end":{"line":59,"column":51}},"29":{"start":{"line":60,"column":4},"end":{"line":60,"column":39}},"30":{"start":{"line":61,"column":4},"end":{"line":80,"column":5}},"31":{"start":{"line":62,"column":8},"end":{"line":64,"column":36}},"32":{"start":{"line":65,"column":8},"end":{"line":65,"column":38}},"33":{"start":{"line":67,"column":8},"end":{"line":79,"column":14}},"34":{"start":{"line":69,"column":16},"end":{"line":71,"column":42}},"35":{"start":{"line":72,"column":16},"end":{"line":72,"column":46}},"36":{"start":{"line":75,"column":16},"end":{"line":77,"column":41}},"37":{"start":{"line":78,"column":16},"end":{"line":78,"column":48}}},"branchMap":{"1":{"line":8,"type":"if","locations":[{"start":{"line":8,"column":4},"end":{"line":8,"column":4}},{"start":{"line":8,"column":4},"end":{"line":8,"column":4}}]},"2":{"line":34,"type":"if","locations":[{"start":{"line":34,"column":4},"end":{"line":34,"column":4}},{"start":{"line":34,"column":4},"end":{"line":34,"column":4}}]},"3":{"line":61,"type":"if","locations":[{"start":{"line":61,"column":4},"end":{"line":61,"column":4}},{"start":{"line":61,"column":4},"end":{"line":61,"column":4}}]}}},"/home/bridgelabz/manoj/fundoo/server/services/notesService.js":{"path":"/home/bridgelabz/manoj/fundoo/server/services/notesService.js","s":{"1":1,"2":1,"3":0,"4":0,"5":0,"6":0,"7":1,"8":0,"9":0,"10":0,"11":0,"12":1,"13":0,"14":0,"15":0,"16":0},"b":{},"f":{},"fnMap":{},"statementMap":{"1":{"start":{"line":1,"column":0},"end":{"line":1,"column":51}},"2":{"start":{"line":2,"column":0},"end":{"line":9,"column":1}},"3":{"start":{"line":3,"column":4},"end":{"line":7,"column":6}},"4":{"start":{"line":4,"column":8},"end":{"line":6,"column":41}},"5":{"start":{"line":5,"column":28},"end":{"line":5,"column":41}},"6":{"start":{"line":6,"column":28},"end":{"line":6,"column":40}},"7":{"start":{"line":10,"column":0},"end":{"line":16,"column":1}},"8":{"start":{"line":11,"column":4},"end":{"line":15,"column":6}},"9":{"start":{"line":12,"column":8},"end":{"line":14,"column":38}},"10":{"start":{"line":13,"column":29},"end":{"line":13,"column":43}},"11":{"start":{"line":14,"column":26},"end":{"line":14,"column":37}},"12":{"start":{"line":17,"column":0},"end":{"line":23,"column":1}},"13":{"start":{"line":18,"column":4},"end":{"line":22,"column":6}},"14":{"start":{"line":19,"column":8},"end":{"line":21,"column":38}},"15":{"start":{"line":20,"column":29},"end":{"line":20,"column":45}},"16":{"start":{"line":21,"column":26},"end":{"line":21,"column":37}}},"branchMap":{}},"/home/bridgelabz/manoj/fundoo/server/app/modules/notesModule.js":{"path":"/home/bridgelabz/manoj/fundoo/server/app/modules/notesModule.js","s":{"1":1,"2":1,"3":1,"4":1,"5":0,"6":0,"7":0,"8":0,"9":0,"10":0,"11":0,"12":0,"13":1,"14":0,"15":0,"16":0,"17":0,"18":0,"19":1,"20":0,"21":0,"22":0,"23":0,"24":0,"25":0,"26":0,"27":0,"28":0,"29":0},"b":{"1":[0,0],"2":[0,0],"3":[0,0],"4":[0,0],"5":[0,0],"6":[0,0]},"f":{},"fnMap":{},"statementMap":{"1":{"start":{"line":1,"column":0},"end":{"line":1,"column":36}},"2":{"start":{"line":2,"column":0},"end":{"line":28,"column":6}},"3":{"start":{"line":30,"column":0},"end":{"line":30,"column":43}},"4":{"start":{"line":32,"column":0},"end":{"line":46,"column":1}},"5":{"start":{"line":33,"column":4},"end":{"line":45,"column":6}},"6":{"start":{"line":34,"column":8},"end":{"line":39,"column":11}},"7":{"start":{"line":40,"column":8},"end":{"line":40,"column":51}},"8":{"start":{"line":41,"column":8},"end":{"line":44,"column":10}},"9":{"start":{"line":42,"column":12},"end":{"line":43,"column":53}},"10":{"start":{"line":42,"column":23},"end":{"line":42,"column":35}},"11":{"start":{"line":43,"column":19},"end":{"line":43,"column":37}},"12":{"start":{"line":43,"column":38},"end":{"line":43,"column":52}},"13":{"start":{"line":48,"column":0},"end":{"line":59,"column":1}},"14":{"start":{"line":49,"column":4},"end":{"line":58,"column":6}},"15":{"start":{"line":50,"column":8},"end":{"line":57,"column":10}},"16":{"start":{"line":55,"column":12},"end":{"line":56,"column":31}},"17":{"start":{"line":55,"column":42},"end":{"line":55,"column":53}},"18":{"start":{"line":56,"column":17},"end":{"line":56,"column":31}},"19":{"start":{"line":60,"column":0},"end":{"line":87,"column":1}},"20":{"start":{"line":61,"column":4},"end":{"line":85,"column":6}},"21":{"start":{"line":62,"column":8},"end":{"line":84,"column":9}},"22":{"start":{"line":63,"column":12},"end":{"line":71,"column":18}},"23":{"start":{"line":69,"column":20},"end":{"line":70,"column":41}},"24":{"start":{"line":69,"column":29},"end":{"line":69,"column":40}},"25":{"start":{"line":70,"column":25},"end":{"line":70,"column":41}},"26":{"start":{"line":73,"column":12},"end":{"line":82,"column":18}},"27":{"start":{"line":80,"column":20},"end":{"line":81,"column":41}},"28":{"start":{"line":80,"column":29},"end":{"line":80,"column":40}},"29":{"start":{"line":81,"column":25},"end":{"line":81,"column":41}}},"branchMap":{"1":{"line":42,"type":"if","locations":[{"start":{"line":42,"column":12},"end":{"line":42,"column":12}},{"start":{"line":42,"column":12},"end":{"line":42,"column":12}}]},"2":{"line":55,"type":"if","locations":[{"start":{"line":55,"column":12},"end":{"line":55,"column":12}},{"start":{"line":55,"column":12},"end":{"line":55,"column":12}}]},"3":{"line":55,"type":"binary-expr","locations":[{"start":{"line":55,"column":16},"end":{"line":55,"column":19}},{"start":{"line":55,"column":23},"end":{"line":55,"column":40}}]},"4":{"line":62,"type":"if","locations":[{"start":{"line":62,"column":8},"end":{"line":62,"column":8}},{"start":{"line":62,"column":8},"end":{"line":62,"column":8}}]},"5":{"line":69,"type":"if","locations":[{"start":{"line":69,"column":20},"end":{"line":69,"column":20}},{"start":{"line":69,"column":20},"end":{"line":69,"column":20}}]},"6":{"line":80,"type":"if","locations":[{"start":{"line":80,"column":20},"end":{"line":80,"column":20}},{"start":{"line":80,"column":20},"end":{"line":80,"column":20}}]}}}}